Arguments: 
  C:\Program Files\nodejs\node.exe C:\Users\Jordan\AppData\Roaming\npm\node_modules\yarn\bin\yarn.js init

PATH: 
  C:\Program Files\Git\mingw64\bin;C:\Program Files\Git\usr\bin;C:\Users\Jordan\bin;C:\Program Files (x86)\Common Files\Oracle\Java\javapath;C:\ProgramData\Oracle\Java\javapath;C:\Program Files (x86)\NVIDIA Corporation\PhysX\Common;C:\WINDOWS\system32;C:\WINDOWS;C:\WINDOWS\System32\Wbem;C:\WINDOWS\System32\WindowsPowerShell\v1.0;C:\Program Files (x86)\ATI Technologies\ATI.ACE\Core-Static;C:\Program Files (x86)\AMD\ATI.ACE\Core-Static;C:\Program Files\Git\cmd;C:\Program Files\nodejs;C:\Program Files\MongoDB\Server\3.6\bin;C:\WINDOWS\System32\OpenSSH;C:\Program Files\SourceGear\Common\DiffMerge;C:\Program Files\Microsoft VS Code\bin;C:\Users\Jordan\AppData\Local\Microsoft\WindowsApps;C:\Program Files\Heroku\bin;C:\Program Files\Microsoft VS Code\bin;C:\Users\Jordan\AppData\Roaming\npm

Yarn version: 
  1.5.1

Node version: 
  8.9.4

Platform: 
  win32 x64

npm manifest: 
  

yarn manifest: 
  No manifest

Lockfile: 
  No lockfile

Trace: 
  SyntaxError: C:\Users\Jordan\Desktop\code\Project\GraphQL\nodeExpressGraphQL\package.json: Unexpected end of JSON input
      at JSON.parse (<anonymous>)
      at C:\Users\Jordan\AppData\Roaming\npm\node_modules\yarn\lib\cli.js:1036:59
      at Generator.next (<anonymous>)
      at step (C:\Users\Jordan\AppData\Roaming\npm\node_modules\yarn\lib\cli.js:98:30)
      at C:\Users\Jordan\AppData\Roaming\npm\node_modules\yarn\lib\cli.js:109:13
      at <anonymous>
